2020-07-21 16:11:31,809 INFO  [log] 3093
2020-07-21 16:11:33,434 INFO  [log] The total number of rows are : 2
2020-07-21 16:11:33,436 INFO  [log] The total number of columns are :3
2020-07-21 16:11:33,447 INFO  [log] bhanu.123@gmail.com
2020-07-21 16:11:33,447 INFO  [log] bhanu123001
2020-07-21 16:11:33,449 INFO  [log] prakash123001
2020-07-21 16:11:33,501 INFO  [log] Email is bhanu.123@gmail.com
2020-07-21 16:11:33,502 INFO  [log] FirstName is bhanu123001
2020-07-21 16:11:33,503 INFO  [log] LastName is prakash123001
2020-07-21 16:11:45,556 INFO  [log] 3094
2020-07-21 16:11:47,029 INFO  [log] Steps Executed9
2020-07-21 16:31:34,952 INFO  [log] 3108
2020-07-21 16:31:37,034 INFO  [log] The total number of rows are : 2
2020-07-21 16:31:37,035 INFO  [log] The total number of columns are :3
2020-07-21 16:31:37,052 INFO  [log] bhanu.123@gmail.com
2020-07-21 16:31:37,052 INFO  [log] bhanu123001
2020-07-21 16:31:37,053 INFO  [log] prakash123001
2020-07-21 16:31:37,121 INFO  [log] Email is bhanu.123@gmail.com
2020-07-21 16:31:37,121 INFO  [log] FirstName is bhanu123001
2020-07-21 16:31:37,122 INFO  [log] LastName is prakash123001
2020-07-21 16:31:47,464 INFO  [log] 3109
2020-07-21 16:31:48,527 INFO  [log] Steps Executed9
2020-07-21 16:31:59,407 INFO  [log] 3110
2020-07-21 16:52:48,292 INFO  [log] 3120
2020-07-21 16:52:50,327 INFO  [log] The total number of rows are : 2
2020-07-21 16:52:50,328 INFO  [log] The total number of columns are :3
2020-07-21 16:52:50,349 INFO  [log] bhanu.123@gmail.com
2020-07-21 16:52:50,349 INFO  [log] bhanu123001
2020-07-21 16:52:50,349 INFO  [log] prakash123001
2020-07-21 16:52:50,437 INFO  [log] Email is bhanu.123@gmail.com
2020-07-21 16:52:50,439 INFO  [log] FirstName is bhanu123001
2020-07-21 16:52:50,439 INFO  [log] LastName is prakash123001
2020-07-21 16:52:58,653 INFO  [log] 3121
2020-07-21 16:52:59,713 INFO  [log] Steps Executed9
2020-07-21 16:56:18,518 INFO  [log] 3124
2020-07-21 16:56:20,770 INFO  [log] The total number of rows are : 2
2020-07-21 16:56:20,772 INFO  [log] The total number of columns are :3
2020-07-21 16:56:20,793 INFO  [log] bhanu.123@gmail.com
2020-07-21 16:56:20,793 INFO  [log] bhanu123001
2020-07-21 16:56:20,793 INFO  [log] prakash123001
2020-07-21 16:56:20,889 INFO  [log] Email is bhanu.123@gmail.com
2020-07-21 16:56:20,889 INFO  [log] FirstName is bhanu123001
2020-07-21 16:56:20,889 INFO  [log] LastName is prakash123001
2020-07-21 16:56:29,865 INFO  [log] 3125
2020-07-21 16:56:31,011 INFO  [log] Steps Executed9
2020-07-21 17:00:58,579 INFO  [log] 3129
2020-07-21 17:01:00,340 INFO  [log] The total number of rows are : 2
2020-07-21 17:01:00,341 INFO  [log] The total number of columns are :3
2020-07-21 17:01:00,349 INFO  [log] bhanu.123@gmail.com
2020-07-21 17:01:00,349 INFO  [log] bhanu123001
2020-07-21 17:01:00,350 INFO  [log] prakash123001
2020-07-21 17:01:00,389 INFO  [log] Email is bhanu.123@gmail.com
2020-07-21 17:01:00,389 INFO  [log] FirstName is bhanu123001
2020-07-21 17:01:00,390 INFO  [log] LastName is prakash123001
2020-07-21 17:01:09,207 INFO  [log] 3132
2020-07-21 17:01:10,260 INFO  [log] Steps Executed9
2020-07-21 17:01:17,854 INFO  [log] 3133
2020-07-21 17:06:14,013 INFO  [log] 3134
2020-07-21 17:06:16,027 INFO  [log] The total number of rows are : 2
2020-07-21 17:06:16,028 INFO  [log] The total number of columns are :3
2020-07-21 17:06:16,044 INFO  [log] bhanu.123@gmail.com
2020-07-21 17:06:16,044 INFO  [log] bhanu123001
2020-07-21 17:06:16,044 INFO  [log] prakash123001
2020-07-21 17:06:16,118 INFO  [log] Email is bhanu.123@gmail.com
2020-07-21 17:06:16,118 INFO  [log] FirstName is bhanu123001
2020-07-21 17:06:16,119 INFO  [log] LastName is prakash123001
2020-07-21 17:06:24,029 INFO  [log] 3135
2020-07-21 17:06:25,281 INFO  [log] Steps Executed9
2020-07-21 17:06:32,671 INFO  [log] 3137
