2020-07-21 17:38:47,041 WARN  [SoapUI] Missing folder [C:\Users\BHANUSANGARAJU\Desktop\SDET Training\maven.soap\ext] for external libraries
2020-07-21 17:38:47,517 INFO  [DefaultSoapUICore] initialized soapui-settings from [C:\Users\BHANUSANGARAJU\soapui-settings.xml]
2020-07-21 17:38:51,759 INFO  [PluginManager] Adding plugin from [C:\Users\BHANUSANGARAJU\.soapuios\plugins\ready-mqtt-plugin-dist.jar]
2020-07-21 17:38:51,760 INFO  [PluginManager] Adding plugin from [C:\Users\BHANUSANGARAJU\.soapuios\plugins\soapui-swagger-plugin-2.2-dist.jar]
2020-07-21 17:38:53,927 ERROR [SoapUI] An error occurred [com.eviware.soapui.plugins.auto.factories.AutoImportMethodFactory], see error log for details
2020-07-21 17:38:53,931 ERROR [errorlog] java.lang.ClassNotFoundException: com.eviware.soapui.plugins.auto.factories.AutoImportMethodFactory
java.lang.ClassNotFoundException: com.eviware.soapui.plugins.auto.factories.AutoImportMethodFactory
	at org.codehaus.plexus.classworlds.strategy.SelfFirstStrategy.loadClass(SelfFirstStrategy.java:50)
	at org.codehaus.plexus.classworlds.realm.ClassRealm.unsynchronizedLoadClass(ClassRealm.java:271)
	at org.codehaus.plexus.classworlds.realm.ClassRealm.loadClass(ClassRealm.java:247)
	at org.codehaus.plexus.classworlds.realm.ClassRealm.loadClass(ClassRealm.java:239)
	at java.lang.Class.forName0(Native Method)
	at java.lang.Class.forName(Class.java:259)
	at com.eviware.soapui.plugins.LoaderBase.loadAutoFactories(LoaderBase.java:113)
	at com.eviware.soapui.plugins.LoaderBase.loadFactories(LoaderBase.java:80)
	at com.eviware.soapui.plugins.PluginLoader.loadPluginFactories(PluginLoader.java:141)
	at com.eviware.soapui.plugins.PluginLoader.loadPlugin(PluginLoader.java:104)
	at com.eviware.soapui.plugins.PluginLoader.loadPlugin(PluginLoader.java:54)
	at com.eviware.soapui.plugins.PluginManager.doInstallPlugin(PluginManager.java:141)
	at com.eviware.soapui.plugins.PluginManager.access$600(PluginManager.java:43)
	at com.eviware.soapui.plugins.PluginManager$LoadPluginsTask.computeSequentially(PluginManager.java:420)
	at com.eviware.soapui.plugins.PluginManager$LoadPluginsTask.compute(PluginManager.java:377)
	at com.eviware.soapui.plugins.PluginManager$LoadPluginsTask.compute(PluginManager.java:382)
	at com.eviware.soapui.plugins.PluginManager$LoadPluginsTask.compute(PluginManager.java:365)
	at java.util.concurrent.RecursiveTask.exec(RecursiveTask.java:94)
	at java.util.concurrent.ForkJoinTask.doExec(ForkJoinTask.java:289)
	at java.util.concurrent.ForkJoinPool$WorkQueue.runTask(ForkJoinPool.java:902)
	at java.util.concurrent.ForkJoinPool.scan(ForkJoinPool.java:1689)
	at java.util.concurrent.ForkJoinPool.runWorker(ForkJoinPool.java:1644)
	at java.util.concurrent.ForkJoinWorkerThread.run(ForkJoinWorkerThread.java:157)
2020-07-21 17:38:53,949 ERROR [SoapUI] An error occurred [com.eviware.soapui.plugins.auto.factories.AutoDiscoveryMethodFactory], see error log for details
2020-07-21 17:38:53,949 ERROR [errorlog] java.lang.ClassNotFoundException: com.eviware.soapui.plugins.auto.factories.AutoDiscoveryMethodFactory
java.lang.ClassNotFoundException: com.eviware.soapui.plugins.auto.factories.AutoDiscoveryMethodFactory
	at org.codehaus.plexus.classworlds.strategy.SelfFirstStrategy.loadClass(SelfFirstStrategy.java:50)
	at org.codehaus.plexus.classworlds.realm.ClassRealm.unsynchronizedLoadClass(ClassRealm.java:271)
	at org.codehaus.plexus.classworlds.realm.ClassRealm.loadClass(ClassRealm.java:247)
	at org.codehaus.plexus.classworlds.realm.ClassRealm.loadClass(ClassRealm.java:239)
	at java.lang.Class.forName0(Native Method)
	at java.lang.Class.forName(Class.java:259)
	at com.eviware.soapui.plugins.LoaderBase.loadAutoFactories(LoaderBase.java:113)
	at com.eviware.soapui.plugins.LoaderBase.loadFactories(LoaderBase.java:80)
	at com.eviware.soapui.plugins.PluginLoader.loadPluginFactories(PluginLoader.java:141)
	at com.eviware.soapui.plugins.PluginLoader.loadPlugin(PluginLoader.java:104)
	at com.eviware.soapui.plugins.PluginLoader.loadPlugin(PluginLoader.java:54)
	at com.eviware.soapui.plugins.PluginManager.doInstallPlugin(PluginManager.java:141)
	at com.eviware.soapui.plugins.PluginManager.access$600(PluginManager.java:43)
	at com.eviware.soapui.plugins.PluginManager$LoadPluginsTask.computeSequentially(PluginManager.java:420)
	at com.eviware.soapui.plugins.PluginManager$LoadPluginsTask.compute(PluginManager.java:377)
	at com.eviware.soapui.plugins.PluginManager$LoadPluginsTask.compute(PluginManager.java:382)
	at com.eviware.soapui.plugins.PluginManager$LoadPluginsTask.compute(PluginManager.java:365)
	at java.util.concurrent.RecursiveTask.exec(RecursiveTask.java:94)
	at java.util.concurrent.ForkJoinTask.doExec(ForkJoinTask.java:289)
	at java.util.concurrent.ForkJoinPool$WorkQueue.runTask(ForkJoinPool.java:902)
	at java.util.concurrent.ForkJoinPool.scan(ForkJoinPool.java:1689)
	at java.util.concurrent.ForkJoinPool.runWorker(ForkJoinPool.java:1644)
	at java.util.concurrent.ForkJoinWorkerThread.run(ForkJoinWorkerThread.java:157)
2020-07-21 17:38:53,970 INFO  [PluginManager] Adding plugin from [C:\Users\BHANUSANGARAJU\.soapuios\plugins\ready-uxm-plugin-1.0.1-dist.jar]
2020-07-21 17:38:54,208 ERROR [SoapUI] An error occurred [com.eviware.soapui.plugins.auto.factories.AutoImportMethodFactory], see error log for details
2020-07-21 17:38:54,208 ERROR [errorlog] java.lang.ClassNotFoundException: com.eviware.soapui.plugins.auto.factories.AutoImportMethodFactory
java.lang.ClassNotFoundException: com.eviware.soapui.plugins.auto.factories.AutoImportMethodFactory
	at org.codehaus.plexus.classworlds.strategy.SelfFirstStrategy.loadClass(SelfFirstStrategy.java:50)
	at org.codehaus.plexus.classworlds.realm.ClassRealm.unsynchronizedLoadClass(ClassRealm.java:271)
	at org.codehaus.plexus.classworlds.realm.ClassRealm.loadClass(ClassRealm.java:247)
	at org.codehaus.plexus.classworlds.realm.ClassRealm.loadClass(ClassRealm.java:239)
	at java.lang.Class.forName0(Native Method)
	at java.lang.Class.forName(Class.java:259)
	at com.eviware.soapui.plugins.LoaderBase.loadAutoFactories(LoaderBase.java:113)
	at com.eviware.soapui.plugins.LoaderBase.loadFactories(LoaderBase.java:80)
	at com.eviware.soapui.plugins.PluginLoader.loadPluginFactories(PluginLoader.java:141)
	at com.eviware.soapui.plugins.PluginLoader.loadPlugin(PluginLoader.java:104)
	at com.eviware.soapui.plugins.PluginLoader.loadPlugin(PluginLoader.java:54)
	at com.eviware.soapui.plugins.PluginManager.doInstallPlugin(PluginManager.java:141)
	at com.eviware.soapui.plugins.PluginManager.access$600(PluginManager.java:43)
	at com.eviware.soapui.plugins.PluginManager$LoadPluginsTask.computeSequentially(PluginManager.java:420)
	at com.eviware.soapui.plugins.PluginManager$LoadPluginsTask.compute(PluginManager.java:377)
	at com.eviware.soapui.plugins.PluginManager$LoadPluginsTask.compute(PluginManager.java:365)
	at java.util.concurrent.RecursiveTask.exec(RecursiveTask.java:94)
	at java.util.concurrent.ForkJoinTask.doExec(ForkJoinTask.java:289)
	at java.util.concurrent.ForkJoinPool$WorkQueue.runTask(ForkJoinPool.java:902)
	at java.util.concurrent.ForkJoinPool.scan(ForkJoinPool.java:1689)
	at java.util.concurrent.ForkJoinPool.runWorker(ForkJoinPool.java:1644)
	at java.util.concurrent.ForkJoinWorkerThread.run(ForkJoinWorkerThread.java:157)
2020-07-21 17:38:54,222 ERROR [SoapUI] An error occurred [com.eviware.soapui.plugins.auto.factories.AutoDiscoveryMethodFactory], see error log for details
2020-07-21 17:38:54,222 ERROR [errorlog] java.lang.ClassNotFoundException: com.eviware.soapui.plugins.auto.factories.AutoDiscoveryMethodFactory
java.lang.ClassNotFoundException: com.eviware.soapui.plugins.auto.factories.AutoDiscoveryMethodFactory
	at org.codehaus.plexus.classworlds.strategy.SelfFirstStrategy.loadClass(SelfFirstStrategy.java:50)
	at org.codehaus.plexus.classworlds.realm.ClassRealm.unsynchronizedLoadClass(ClassRealm.java:271)
	at org.codehaus.plexus.classworlds.realm.ClassRealm.loadClass(ClassRealm.java:247)
	at org.codehaus.plexus.classworlds.realm.ClassRealm.loadClass(ClassRealm.java:239)
	at java.lang.Class.forName0(Native Method)
	at java.lang.Class.forName(Class.java:259)
	at com.eviware.soapui.plugins.LoaderBase.loadAutoFactories(LoaderBase.java:113)
	at com.eviware.soapui.plugins.LoaderBase.loadFactories(LoaderBase.java:80)
	at com.eviware.soapui.plugins.PluginLoader.loadPluginFactories(PluginLoader.java:141)
	at com.eviware.soapui.plugins.PluginLoader.loadPlugin(PluginLoader.java:104)
	at com.eviware.soapui.plugins.PluginLoader.loadPlugin(PluginLoader.java:54)
	at com.eviware.soapui.plugins.PluginManager.doInstallPlugin(PluginManager.java:141)
	at com.eviware.soapui.plugins.PluginManager.access$600(PluginManager.java:43)
	at com.eviware.soapui.plugins.PluginManager$LoadPluginsTask.computeSequentially(PluginManager.java:420)
	at com.eviware.soapui.plugins.PluginManager$LoadPluginsTask.compute(PluginManager.java:377)
	at com.eviware.soapui.plugins.PluginManager$LoadPluginsTask.compute(PluginManager.java:365)
	at java.util.concurrent.RecursiveTask.exec(RecursiveTask.java:94)
	at java.util.concurrent.ForkJoinTask.doExec(ForkJoinTask.java:289)
	at java.util.concurrent.ForkJoinPool$WorkQueue.runTask(ForkJoinPool.java:902)
	at java.util.concurrent.ForkJoinPool.scan(ForkJoinPool.java:1689)
	at java.util.concurrent.ForkJoinPool.runWorker(ForkJoinPool.java:1644)
	at java.util.concurrent.ForkJoinWorkerThread.run(ForkJoinWorkerThread.java:157)
2020-07-21 17:38:54,275 INFO  [PluginManager] Adding plugin from [C:\Users\BHANUSANGARAJU\.soapuios\plugins\readyapi-postman-1.0.1.jar]
2020-07-21 17:38:55,867 ERROR [SoapUI] An error occurred [com.eviware.soapui.plugins.auto.factories.AutoImportMethodFactory], see error log for details
2020-07-21 17:38:55,867 ERROR [errorlog] java.lang.ClassNotFoundException: com.eviware.soapui.plugins.auto.factories.AutoImportMethodFactory
java.lang.ClassNotFoundException: com.eviware.soapui.plugins.auto.factories.AutoImportMethodFactory
	at org.codehaus.plexus.classworlds.strategy.SelfFirstStrategy.loadClass(SelfFirstStrategy.java:50)
	at org.codehaus.plexus.classworlds.realm.ClassRealm.unsynchronizedLoadClass(ClassRealm.java:271)
	at org.codehaus.plexus.classworlds.realm.ClassRealm.loadClass(ClassRealm.java:247)
	at org.codehaus.plexus.classworlds.realm.ClassRealm.loadClass(ClassRealm.java:239)
	at java.lang.Class.forName0(Native Method)
	at java.lang.Class.forName(Class.java:259)
	at com.eviware.soapui.plugins.LoaderBase.loadAutoFactories(LoaderBase.java:113)
	at com.eviware.soapui.plugins.LoaderBase.loadFactories(LoaderBase.java:80)
	at com.eviware.soapui.plugins.PluginLoader.loadPluginFactories(PluginLoader.java:141)
	at com.eviware.soapui.plugins.PluginLoader.loadPlugin(PluginLoader.java:104)
	at com.eviware.soapui.plugins.PluginLoader.loadPlugin(PluginLoader.java:54)
	at com.eviware.soapui.plugins.PluginManager.doInstallPlugin(PluginManager.java:141)
	at com.eviware.soapui.plugins.PluginManager.access$600(PluginManager.java:43)
	at com.eviware.soapui.plugins.PluginManager$LoadPluginsTask.computeSequentially(PluginManager.java:420)
	at com.eviware.soapui.plugins.PluginManager$LoadPluginsTask.compute(PluginManager.java:377)
	at com.eviware.soapui.plugins.PluginManager$LoadPluginsTask.compute(PluginManager.java:365)
	at java.util.concurrent.RecursiveTask.exec(RecursiveTask.java:94)
	at java.util.concurrent.ForkJoinTask.doExec(ForkJoinTask.java:289)
	at java.util.concurrent.ForkJoinPool$WorkQueue.runTask(ForkJoinPool.java:902)
	at java.util.concurrent.ForkJoinPool.scan(ForkJoinPool.java:1689)
	at java.util.concurrent.ForkJoinPool.runWorker(ForkJoinPool.java:1644)
	at java.util.concurrent.ForkJoinWorkerThread.run(ForkJoinWorkerThread.java:157)
2020-07-21 17:38:55,880 ERROR [SoapUI] An error occurred [com.eviware.soapui.plugins.auto.factories.AutoDiscoveryMethodFactory], see error log for details
2020-07-21 17:38:55,880 ERROR [errorlog] java.lang.ClassNotFoundException: com.eviware.soapui.plugins.auto.factories.AutoDiscoveryMethodFactory
java.lang.ClassNotFoundException: com.eviware.soapui.plugins.auto.factories.AutoDiscoveryMethodFactory
	at org.codehaus.plexus.classworlds.strategy.SelfFirstStrategy.loadClass(SelfFirstStrategy.java:50)
	at org.codehaus.plexus.classworlds.realm.ClassRealm.unsynchronizedLoadClass(ClassRealm.java:271)
	at org.codehaus.plexus.classworlds.realm.ClassRealm.loadClass(ClassRealm.java:247)
	at org.codehaus.plexus.classworlds.realm.ClassRealm.loadClass(ClassRealm.java:239)
	at java.lang.Class.forName0(Native Method)
	at java.lang.Class.forName(Class.java:259)
	at com.eviware.soapui.plugins.LoaderBase.loadAutoFactories(LoaderBase.java:113)
	at com.eviware.soapui.plugins.LoaderBase.loadFactories(LoaderBase.java:80)
	at com.eviware.soapui.plugins.PluginLoader.loadPluginFactories(PluginLoader.java:141)
	at com.eviware.soapui.plugins.PluginLoader.loadPlugin(PluginLoader.java:104)
	at com.eviware.soapui.plugins.PluginLoader.loadPlugin(PluginLoader.java:54)
	at com.eviware.soapui.plugins.PluginManager.doInstallPlugin(PluginManager.java:141)
	at com.eviware.soapui.plugins.PluginManager.access$600(PluginManager.java:43)
	at com.eviware.soapui.plugins.PluginManager$LoadPluginsTask.computeSequentially(PluginManager.java:420)
	at com.eviware.soapui.plugins.PluginManager$LoadPluginsTask.compute(PluginManager.java:377)
	at com.eviware.soapui.plugins.PluginManager$LoadPluginsTask.compute(PluginManager.java:365)
	at java.util.concurrent.RecursiveTask.exec(RecursiveTask.java:94)
	at java.util.concurrent.ForkJoinTask.doExec(ForkJoinTask.java:289)
	at java.util.concurrent.ForkJoinPool$WorkQueue.runTask(ForkJoinPool.java:902)
	at java.util.concurrent.ForkJoinPool.scan(ForkJoinPool.java:1689)
	at java.util.concurrent.ForkJoinPool.runWorker(ForkJoinPool.java:1644)
	at java.util.concurrent.ForkJoinWorkerThread.run(ForkJoinWorkerThread.java:157)
2020-07-21 17:38:55,995 ERROR [SoapUI] An error occurred [com.eviware.soapui.plugins.auto.factories.AutoImportMethodFactory], see error log for details
2020-07-21 17:38:55,995 ERROR [errorlog] java.lang.ClassNotFoundException: com.eviware.soapui.plugins.auto.factories.AutoImportMethodFactory
java.lang.ClassNotFoundException: com.eviware.soapui.plugins.auto.factories.AutoImportMethodFactory
	at org.codehaus.plexus.classworlds.strategy.SelfFirstStrategy.loadClass(SelfFirstStrategy.java:50)
	at org.codehaus.plexus.classworlds.realm.ClassRealm.unsynchronizedLoadClass(ClassRealm.java:271)
	at org.codehaus.plexus.classworlds.realm.ClassRealm.loadClass(ClassRealm.java:247)
	at org.codehaus.plexus.classworlds.realm.ClassRealm.loadClass(ClassRealm.java:239)
	at java.lang.Class.forName0(Native Method)
	at java.lang.Class.forName(Class.java:259)
	at com.eviware.soapui.plugins.LoaderBase.loadAutoFactories(LoaderBase.java:113)
	at com.eviware.soapui.plugins.LoaderBase.loadFactories(LoaderBase.java:80)
	at com.eviware.soapui.plugins.PluginLoader.loadPluginFactories(PluginLoader.java:141)
	at com.eviware.soapui.plugins.PluginLoader.loadPlugin(PluginLoader.java:104)
	at com.eviware.soapui.plugins.PluginLoader.loadPlugin(PluginLoader.java:54)
	at com.eviware.soapui.plugins.PluginManager.doInstallPlugin(PluginManager.java:141)
	at com.eviware.soapui.plugins.PluginManager.access$600(PluginManager.java:43)
	at com.eviware.soapui.plugins.PluginManager$LoadPluginsTask.computeSequentially(PluginManager.java:420)
	at com.eviware.soapui.plugins.PluginManager$LoadPluginsTask.compute(PluginManager.java:377)
	at com.eviware.soapui.plugins.PluginManager$LoadPluginsTask.compute(PluginManager.java:382)
	at com.eviware.soapui.plugins.PluginManager$LoadPluginsTask.compute(PluginManager.java:365)
	at java.util.concurrent.RecursiveTask.exec(RecursiveTask.java:94)
	at java.util.concurrent.ForkJoinTask.doExec(ForkJoinTask.java:289)
	at java.util.concurrent.ForkJoinPool$WorkQueue.runTask(ForkJoinPool.java:902)
	at java.util.concurrent.ForkJoinPool.scan(ForkJoinPool.java:1689)
	at java.util.concurrent.ForkJoinPool.runWorker(ForkJoinPool.java:1644)
	at java.util.concurrent.ForkJoinWorkerThread.run(ForkJoinWorkerThread.java:157)
2020-07-21 17:38:56,006 ERROR [SoapUI] An error occurred [com.eviware.soapui.plugins.auto.factories.AutoDiscoveryMethodFactory], see error log for details
2020-07-21 17:38:56,007 ERROR [errorlog] java.lang.ClassNotFoundException: com.eviware.soapui.plugins.auto.factories.AutoDiscoveryMethodFactory
java.lang.ClassNotFoundException: com.eviware.soapui.plugins.auto.factories.AutoDiscoveryMethodFactory
	at org.codehaus.plexus.classworlds.strategy.SelfFirstStrategy.loadClass(SelfFirstStrategy.java:50)
	at org.codehaus.plexus.classworlds.realm.ClassRealm.unsynchronizedLoadClass(ClassRealm.java:271)
	at org.codehaus.plexus.classworlds.realm.ClassRealm.loadClass(ClassRealm.java:247)
	at org.codehaus.plexus.classworlds.realm.ClassRealm.loadClass(ClassRealm.java:239)
	at java.lang.Class.forName0(Native Method)
	at java.lang.Class.forName(Class.java:259)
	at com.eviware.soapui.plugins.LoaderBase.loadAutoFactories(LoaderBase.java:113)
	at com.eviware.soapui.plugins.LoaderBase.loadFactories(LoaderBase.java:80)
	at com.eviware.soapui.plugins.PluginLoader.loadPluginFactories(PluginLoader.java:141)
	at com.eviware.soapui.plugins.PluginLoader.loadPlugin(PluginLoader.java:104)
	at com.eviware.soapui.plugins.PluginLoader.loadPlugin(PluginLoader.java:54)
	at com.eviware.soapui.plugins.PluginManager.doInstallPlugin(PluginManager.java:141)
	at com.eviware.soapui.plugins.PluginManager.access$600(PluginManager.java:43)
	at com.eviware.soapui.plugins.PluginManager$LoadPluginsTask.computeSequentially(PluginManager.java:420)
	at com.eviware.soapui.plugins.PluginManager$LoadPluginsTask.compute(PluginManager.java:377)
	at com.eviware.soapui.plugins.PluginManager$LoadPluginsTask.compute(PluginManager.java:382)
	at com.eviware.soapui.plugins.PluginManager$LoadPluginsTask.compute(PluginManager.java:365)
	at java.util.concurrent.RecursiveTask.exec(RecursiveTask.java:94)
	at java.util.concurrent.ForkJoinTask.doExec(ForkJoinTask.java:289)
	at java.util.concurrent.ForkJoinPool$WorkQueue.runTask(ForkJoinPool.java:902)
	at java.util.concurrent.ForkJoinPool.scan(ForkJoinPool.java:1689)
	at java.util.concurrent.ForkJoinPool.runWorker(ForkJoinPool.java:1644)
	at java.util.concurrent.ForkJoinWorkerThread.run(ForkJoinWorkerThread.java:157)
2020-07-21 17:38:56,032 INFO  [PluginManager] Adding plugin from [C:\Users\BHANUSANGARAJU\.soapuios\plugins\readyapi-swaggerhub-plugin-1.0.jar]
2020-07-21 17:38:57,085 ERROR [SoapUI] An error occurred [com.eviware.soapui.plugins.auto.factories.AutoImportMethodFactory], see error log for details
2020-07-21 17:38:57,085 ERROR [errorlog] java.lang.ClassNotFoundException: com.eviware.soapui.plugins.auto.factories.AutoImportMethodFactory
java.lang.ClassNotFoundException: com.eviware.soapui.plugins.auto.factories.AutoImportMethodFactory
	at org.codehaus.plexus.classworlds.strategy.SelfFirstStrategy.loadClass(SelfFirstStrategy.java:50)
	at org.codehaus.plexus.classworlds.realm.ClassRealm.unsynchronizedLoadClass(ClassRealm.java:271)
	at org.codehaus.plexus.classworlds.realm.ClassRealm.loadClass(ClassRealm.java:247)
	at org.codehaus.plexus.classworlds.realm.ClassRealm.loadClass(ClassRealm.java:239)
	at java.lang.Class.forName0(Native Method)
	at java.lang.Class.forName(Class.java:259)
	at com.eviware.soapui.plugins.LoaderBase.loadAutoFactories(LoaderBase.java:113)
	at com.eviware.soapui.plugins.LoaderBase.loadFactories(LoaderBase.java:80)
	at com.eviware.soapui.plugins.PluginLoader.loadPluginFactories(PluginLoader.java:141)
	at com.eviware.soapui.plugins.PluginLoader.loadPlugin(PluginLoader.java:104)
	at com.eviware.soapui.plugins.PluginLoader.loadPlugin(PluginLoader.java:54)
	at com.eviware.soapui.plugins.PluginManager.doInstallPlugin(PluginManager.java:141)
	at com.eviware.soapui.plugins.PluginManager.access$600(PluginManager.java:43)
	at com.eviware.soapui.plugins.PluginManager$LoadPluginsTask.computeSequentially(PluginManager.java:420)
	at com.eviware.soapui.plugins.PluginManager$LoadPluginsTask.compute(PluginManager.java:377)
	at com.eviware.soapui.plugins.PluginManager$LoadPluginsTask.compute(PluginManager.java:382)
	at com.eviware.soapui.plugins.PluginManager$LoadPluginsTask.compute(PluginManager.java:365)
	at java.util.concurrent.RecursiveTask.exec(RecursiveTask.java:94)
	at java.util.concurrent.ForkJoinTask.doExec(ForkJoinTask.java:289)
	at java.util.concurrent.ForkJoinPool$WorkQueue.runTask(ForkJoinPool.java:902)
	at java.util.concurrent.ForkJoinPool.scan(ForkJoinPool.java:1689)
	at java.util.concurrent.ForkJoinPool.runWorker(ForkJoinPool.java:1644)
	at java.util.concurrent.ForkJoinWorkerThread.run(ForkJoinWorkerThread.java:157)
2020-07-21 17:38:57,098 ERROR [SoapUI] An error occurred [com.eviware.soapui.plugins.auto.factories.AutoDiscoveryMethodFactory], see error log for details
2020-07-21 17:38:57,098 ERROR [errorlog] java.lang.ClassNotFoundException: com.eviware.soapui.plugins.auto.factories.AutoDiscoveryMethodFactory
java.lang.ClassNotFoundException: com.eviware.soapui.plugins.auto.factories.AutoDiscoveryMethodFactory
	at org.codehaus.plexus.classworlds.strategy.SelfFirstStrategy.loadClass(SelfFirstStrategy.java:50)
	at org.codehaus.plexus.classworlds.realm.ClassRealm.unsynchronizedLoadClass(ClassRealm.java:271)
	at org.codehaus.plexus.classworlds.realm.ClassRealm.loadClass(ClassRealm.java:247)
	at org.codehaus.plexus.classworlds.realm.ClassRealm.loadClass(ClassRealm.java:239)
	at java.lang.Class.forName0(Native Method)
	at java.lang.Class.forName(Class.java:259)
	at com.eviware.soapui.plugins.LoaderBase.loadAutoFactories(LoaderBase.java:113)
	at com.eviware.soapui.plugins.LoaderBase.loadFactories(LoaderBase.java:80)
	at com.eviware.soapui.plugins.PluginLoader.loadPluginFactories(PluginLoader.java:141)
	at com.eviware.soapui.plugins.PluginLoader.loadPlugin(PluginLoader.java:104)
	at com.eviware.soapui.plugins.PluginLoader.loadPlugin(PluginLoader.java:54)
	at com.eviware.soapui.plugins.PluginManager.doInstallPlugin(PluginManager.java:141)
	at com.eviware.soapui.plugins.PluginManager.access$600(PluginManager.java:43)
	at com.eviware.soapui.plugins.PluginManager$LoadPluginsTask.computeSequentially(PluginManager.java:420)
	at com.eviware.soapui.plugins.PluginManager$LoadPluginsTask.compute(PluginManager.java:377)
	at com.eviware.soapui.plugins.PluginManager$LoadPluginsTask.compute(PluginManager.java:382)
	at com.eviware.soapui.plugins.PluginManager$LoadPluginsTask.compute(PluginManager.java:365)
	at java.util.concurrent.RecursiveTask.exec(RecursiveTask.java:94)
	at java.util.concurrent.ForkJoinTask.doExec(ForkJoinTask.java:289)
	at java.util.concurrent.ForkJoinPool$WorkQueue.runTask(ForkJoinPool.java:902)
	at java.util.concurrent.ForkJoinPool.scan(ForkJoinPool.java:1689)
	at java.util.concurrent.ForkJoinPool.runWorker(ForkJoinPool.java:1644)
	at java.util.concurrent.ForkJoinWorkerThread.run(ForkJoinWorkerThread.java:157)
2020-07-21 17:38:57,117 INFO  [PluginManager] 5 plugins loaded in 5852 ms
2020-07-21 17:38:57,117 INFO  [DefaultSoapUICore] All plugins loaded
2020-07-21 17:38:59,814 INFO  [WsdlProject] Loaded project from [file:/C:/Users/BHANUSANGARAJU/Desktop/SDET%20Training/maven.soap/Customer-soapui-project.xml]
2020-07-21 17:38:59,822 INFO  [SoapUITestCaseRunner] Running SoapUI tests in project [Customer]
2020-07-21 17:38:59,824 INFO  [SoapUITestCaseRunner] Running Project [Customer], runType = SEQUENTIAL
2020-07-21 17:38:59,873 INFO  [SoapUITestCaseRunner] Running SoapUI testcase [Property and Script]
2020-07-21 17:38:59,884 INFO  [SoapUITestCaseRunner] running step [Properties]
2020-07-21 17:38:59,984 INFO  [SoapUITestCaseRunner] running step [email_first_last_name_transfer]
2020-07-21 17:39:00,552 INFO  [SoapUITestCaseRunner] running step [customer]
2020-07-21 17:39:02,638 INFO  [SoapUITestCaseRunner] Assertion [SOAP Response] has status VALID
2020-07-21 17:39:02,638 INFO  [SoapUITestCaseRunner] Assertion [Not SOAP Fault] has status VALID
2020-07-21 17:39:02,638 INFO  [SoapUITestCaseRunner] Assertion [XQuery Match] has status VALID
2020-07-21 17:39:02,638 INFO  [SoapUITestCaseRunner] Assertion [XPath Match] has status VALID
2020-07-21 17:39:02,639 INFO  [SoapUITestCaseRunner] running step [customergetlist]
2020-07-21 17:39:11,090 INFO  [SoapUITestCaseRunner] Assertion [SOAP Response] has status VALID
2020-07-21 17:39:11,090 INFO  [SoapUITestCaseRunner] Assertion [Not SOAP Fault] has status VALID
2020-07-21 17:39:11,091 INFO  [SoapUITestCaseRunner] running step [custid_transfer]
2020-07-21 17:39:11,098 INFO  [SoapUITestCaseRunner] running step [customergetbyid]
2020-07-21 17:39:11,947 INFO  [SoapUITestCaseRunner] Assertion [SOAP Response] has status VALID
2020-07-21 17:39:11,947 INFO  [SoapUITestCaseRunner] Assertion [XPath Match] has status UNKNOWN
2020-07-21 17:39:11,949 INFO  [SoapUITestCaseRunner] Assertion [XQuery Match] has status UNKNOWN
2020-07-21 17:39:11,949 INFO  [SoapUITestCaseRunner] Assertion [Not SOAP Fault] has status VALID
2020-07-21 17:39:11,949 INFO  [SoapUITestCaseRunner] Assertion [Valid HTTP Status Codes] has status VALID
2020-07-21 17:39:11,949 INFO  [SoapUITestCaseRunner] running step [Groovy Script]
2020-07-21 17:39:12,705 INFO  [log] 3156
2020-07-21 17:39:12,717 INFO  [SoapUITestCaseRunner] running step [Properties_custid]
2020-07-21 17:39:12,717 INFO  [SoapUITestCaseRunner] running step [customerdeletebyid]
2020-07-21 17:39:13,950 INFO  [SoapUITestCaseRunner] Assertion [SOAP Response] has status VALID
2020-07-21 17:39:13,950 INFO  [SoapUITestCaseRunner] Assertion [Not SOAP Fault] has status VALID
2020-07-21 17:39:13,951 INFO  [SoapUITestCaseRunner] Assertion [XQuery Match] has status VALID
2020-07-21 17:39:13,951 INFO  [SoapUITestCaseRunner] Assertion [Valid HTTP Status Codes] has status VALID
2020-07-21 17:39:13,969 INFO  [SoapUITestCaseRunner] Finished running SoapUI testcase [Property and Script], time taken: 14039ms, status: FINISHED
2020-07-21 17:39:13,970 INFO  [SoapUITestCaseRunner] Running SoapUI testcase [DataDriven]
2020-07-21 17:39:13,970 INFO  [SoapUITestCaseRunner] running step [Groovy Script]
2020-07-21 17:39:14,999 INFO  [log] The total number of rows are : 2
2020-07-21 17:39:15,000 INFO  [log] The total number of columns are :3
2020-07-21 17:39:15,018 INFO  [log] bhanu.123@gmail.com
2020-07-21 17:39:15,018 INFO  [log] bhanu123001
2020-07-21 17:39:15,018 INFO  [log] prakash123001
2020-07-21 17:39:15,086 INFO  [log] Email is bhanu.123@gmail.com
2020-07-21 17:39:15,087 INFO  [log] FirstName is bhanu123001
2020-07-21 17:39:15,087 INFO  [log] LastName is prakash123001
2020-07-21 17:39:15,089 INFO  [SoapUITestCaseRunner] Running SoapUI testcase [Property and Script]
2020-07-21 17:39:15,090 INFO  [SoapUITestCaseRunner] running step [Properties]
2020-07-21 17:39:15,091 INFO  [SoapUITestCaseRunner] running step [email_first_last_name_transfer]
2020-07-21 17:39:15,102 INFO  [SoapUITestCaseRunner] running step [customer]
2020-07-21 17:39:16,212 INFO  [SoapUITestCaseRunner] Assertion [SOAP Response] has status VALID
2020-07-21 17:39:16,213 INFO  [SoapUITestCaseRunner] Assertion [Not SOAP Fault] has status VALID
2020-07-21 17:39:16,213 INFO  [SoapUITestCaseRunner] Assertion [XQuery Match] has status VALID
2020-07-21 17:39:16,213 INFO  [SoapUITestCaseRunner] Assertion [XPath Match] has status VALID
2020-07-21 17:39:16,213 INFO  [SoapUITestCaseRunner] running step [customergetlist]
2020-07-21 17:39:25,015 INFO  [SoapUITestCaseRunner] Assertion [SOAP Response] has status VALID
2020-07-21 17:39:25,015 INFO  [SoapUITestCaseRunner] Assertion [Not SOAP Fault] has status VALID
2020-07-21 17:39:25,015 INFO  [SoapUITestCaseRunner] running step [custid_transfer]
2020-07-21 17:39:25,021 INFO  [SoapUITestCaseRunner] running step [customergetbyid]
2020-07-21 17:39:25,826 INFO  [SoapUITestCaseRunner] Assertion [SOAP Response] has status VALID
2020-07-21 17:39:25,826 INFO  [SoapUITestCaseRunner] Assertion [XPath Match] has status UNKNOWN
2020-07-21 17:39:25,826 INFO  [SoapUITestCaseRunner] Assertion [XQuery Match] has status UNKNOWN
2020-07-21 17:39:25,826 INFO  [SoapUITestCaseRunner] Assertion [Not SOAP Fault] has status VALID
2020-07-21 17:39:25,826 INFO  [SoapUITestCaseRunner] Assertion [Valid HTTP Status Codes] has status VALID
2020-07-21 17:39:25,826 INFO  [SoapUITestCaseRunner] running step [Groovy Script]
2020-07-21 17:39:25,830 INFO  [log] 3157
2020-07-21 17:39:25,832 INFO  [SoapUITestCaseRunner] running step [Properties_custid]
2020-07-21 17:39:25,832 INFO  [SoapUITestCaseRunner] running step [customerdeletebyid]
2020-07-21 17:39:27,064 INFO  [SoapUITestCaseRunner] Assertion [SOAP Response] has status VALID
2020-07-21 17:39:27,065 INFO  [SoapUITestCaseRunner] Assertion [Not SOAP Fault] has status VALID
2020-07-21 17:39:27,065 INFO  [SoapUITestCaseRunner] Assertion [XQuery Match] has status VALID
2020-07-21 17:39:27,065 INFO  [SoapUITestCaseRunner] Assertion [Valid HTTP Status Codes] has status VALID
2020-07-21 17:39:27,067 INFO  [SoapUITestCaseRunner] Finished running SoapUI testcase [Property and Script], time taken: 11966ms, status: FINISHED
2020-07-21 17:39:27,085 INFO  [log] Steps Executed9
2020-07-21 17:39:27,086 INFO  [SoapUITestCaseRunner] Finished running SoapUI testcase [DataDriven], time taken: 13114ms, status: FINISHED
2020-07-21 17:39:27,087 INFO  [SoapUITestCaseRunner] Running SoapUI testcase [Database Driven]
2020-07-21 17:39:27,090 INFO  [SoapUITestCaseRunner] running step [JDBC Request]
2020-07-21 17:39:27,692 INFO  [SoapUITestCaseRunner] running step [customer]
2020-07-21 17:39:28,709 INFO  [SoapUITestCaseRunner] Assertion [SOAP Response] has status VALID
2020-07-21 17:39:28,709 INFO  [SoapUITestCaseRunner] Assertion [Not SOAP Fault] has status VALID
2020-07-21 17:39:28,709 INFO  [SoapUITestCaseRunner] Assertion [XQuery Match] has status VALID
2020-07-21 17:39:28,709 INFO  [SoapUITestCaseRunner] Assertion [XPath Match] has status VALID
2020-07-21 17:39:28,710 INFO  [SoapUITestCaseRunner] running step [customergetlist]
2020-07-21 17:39:38,808 INFO  [SoapUITestCaseRunner] Assertion [SOAP Response] has status VALID
2020-07-21 17:39:38,809 INFO  [SoapUITestCaseRunner] Assertion [Not SOAP Fault] has status VALID
2020-07-21 17:39:38,809 INFO  [SoapUITestCaseRunner] running step [custid_transfer]
2020-07-21 17:39:38,813 INFO  [SoapUITestCaseRunner] running step [customergetbyid]
2020-07-21 17:39:39,958 INFO  [SoapUITestCaseRunner] Assertion [SOAP Response] has status VALID
2020-07-21 17:39:39,958 INFO  [SoapUITestCaseRunner] Assertion [XPath Match] has status UNKNOWN
2020-07-21 17:39:39,958 INFO  [SoapUITestCaseRunner] Assertion [XQuery Match] has status UNKNOWN
2020-07-21 17:39:39,958 INFO  [SoapUITestCaseRunner] Assertion [Not SOAP Fault] has status VALID
2020-07-21 17:39:39,958 INFO  [SoapUITestCaseRunner] Assertion [Valid HTTP Status Codes] has status VALID
2020-07-21 17:39:39,959 INFO  [SoapUITestCaseRunner] running step [Groovy Script]
2020-07-21 17:39:40,022 INFO  [log] 3158
2020-07-21 17:39:40,023 INFO  [SoapUITestCaseRunner] running step [Properties_custid]
2020-07-21 17:39:40,024 INFO  [SoapUITestCaseRunner] running step [customerdeletebyid]
2020-07-21 17:39:41,191 INFO  [SoapUITestCaseRunner] Assertion [SOAP Response] has status VALID
2020-07-21 17:39:41,191 INFO  [SoapUITestCaseRunner] Assertion [Not SOAP Fault] has status VALID
2020-07-21 17:39:41,191 INFO  [SoapUITestCaseRunner] Assertion [XQuery Match] has status VALID
2020-07-21 17:39:41,191 INFO  [SoapUITestCaseRunner] Assertion [Valid HTTP Status Codes] has status VALID
2020-07-21 17:39:41,194 INFO  [SoapUITestCaseRunner] Finished running SoapUI testcase [Database Driven], time taken: 14090ms, status: FINISHED
2020-07-21 17:39:41,195 INFO  [SoapUITestCaseRunner] Project [Customer] finished with status [FINISHED] in 41360ms
2020-07-21 17:39:47,426 WARN  [Tools] Could not delete temporary directory C:\Users\BHANUS~1\AppData\Local\Temp\b134ebf3-e672-4466-a349-6d08a67302a3
2020-07-21 17:39:47,433 WARN  [Tools] Could not delete temporary directory C:\Users\BHANUS~1\AppData\Local\Temp\4efff31e-d6fd-4953-afe0-5600a89399dd
